2019-06-22 20:31:22 [scrapy.utils.log] INFO: Scrapy 1.6.0 started (bot: spider_boss)
2019-06-22 20:31:22 [scrapy.utils.log] INFO: Versions: lxml 4.3.4.0, libxml2 2.9.5, cssselect 1.0.3, parsel 1.5.1, w3lib 1.20.0, Twisted 19.2.1, Python 3.5.2 (v3.5.2:4def2a2901a5, Jun 25 2016, 22:18:55) [MSC v.1900 64 bit (AMD64)], pyOpenSSL 19.0.0 (OpenSSL 1.1.1c  28 May 2019), cryptography 2.7, Platform Windows-10-10.0.17134-SP0
2019-06-22 20:31:22 [scrapy.crawler] INFO: Overridden settings: {'BOT_NAME': 'spider_boss', 'ROBOTSTXT_OBEY': True, 'NEWSPIDER_MODULE': 'spider_boss.spiders', 'LOG_FILE': './log.log', 'SPIDER_MODULES': ['spider_boss.spiders']}
2019-06-22 20:31:22 [scrapy.extensions.telnet] INFO: Telnet Password: b6d9e459311e89fe
2019-06-22 20:31:23 [scrapy.middleware] INFO: Enabled extensions:
['scrapy.extensions.logstats.LogStats',
 'scrapy.extensions.telnet.TelnetConsole',
 'scrapy.extensions.corestats.CoreStats']
2019-06-22 20:31:23 [scrapy.middleware] INFO: Enabled downloader middlewares:
['scrapy.downloadermiddlewares.robotstxt.RobotsTxtMiddleware',
 'scrapy.downloadermiddlewares.httpauth.HttpAuthMiddleware',
 'scrapy.downloadermiddlewares.downloadtimeout.DownloadTimeoutMiddleware',
 'scrapy.downloadermiddlewares.defaultheaders.DefaultHeadersMiddleware',
 'scrapy.downloadermiddlewares.useragent.UserAgentMiddleware',
 'scrapy.downloadermiddlewares.retry.RetryMiddleware',
 'scrapy.downloadermiddlewares.redirect.MetaRefreshMiddleware',
 'scrapy.downloadermiddlewares.httpcompression.HttpCompressionMiddleware',
 'scrapy.downloadermiddlewares.redirect.RedirectMiddleware',
 'scrapy.downloadermiddlewares.cookies.CookiesMiddleware',
 'scrapy.downloadermiddlewares.httpproxy.HttpProxyMiddleware',
 'scrapy.downloadermiddlewares.stats.DownloaderStats']
2019-06-22 20:31:23 [scrapy.middleware] INFO: Enabled spider middlewares:
['scrapy.spidermiddlewares.httperror.HttpErrorMiddleware',
 'scrapy.spidermiddlewares.offsite.OffsiteMiddleware',
 'scrapy.spidermiddlewares.referer.RefererMiddleware',
 'scrapy.spidermiddlewares.urllength.UrlLengthMiddleware',
 'scrapy.spidermiddlewares.depth.DepthMiddleware']
2019-06-22 20:31:23 [scrapy.middleware] INFO: Enabled item pipelines:
['spider_boss.pipelines.SpiderBossPipeline',
 'spider_boss.pipelines.SpiderBossPipeline1']
2019-06-22 20:31:23 [scrapy.core.engine] INFO: Spider opened
2019-06-22 20:31:23 [scrapy.extensions.logstats] INFO: Crawled 0 pages (at 0 pages/min), scraped 0 items (at 0 items/min)
2019-06-22 20:31:23 [scrapy.extensions.telnet] INFO: Telnet console listening on 127.0.0.1:6023
2019-06-22 20:31:23 [scrapy.downloadermiddlewares.redirect] DEBUG: Redirecting (301) to <GET https://www.zhipin.com/robots.txt> from <GET http://zhipin.com/robots.txt>
2019-06-22 20:31:24 [scrapy.core.engine] DEBUG: Crawled (200) <GET https://www.zhipin.com/robots.txt> (referer: None)
2019-06-22 20:31:24 [scrapy.downloadermiddlewares.redirect] DEBUG: Redirecting (301) to <GET https://www.zhipin.com/job_detail/?query=python> from <GET http://zhipin.com/job_detail/?query=python>
2019-06-22 20:31:24 [scrapy.core.engine] DEBUG: Crawled (200) <GET https://www.zhipin.com/robots.txt> (referer: None)
2019-06-22 20:31:24 [scrapy.core.engine] DEBUG: Crawled (403) <GET https://www.zhipin.com/job_detail/?query=python> (referer: None)
2019-06-22 20:31:24 [scrapy.spidermiddlewares.httperror] INFO: Ignoring response <403 https://www.zhipin.com/job_detail/?query=python>: HTTP status code is not handled or not allowed
2019-06-22 20:31:24 [scrapy.core.engine] INFO: Closing spider (finished)
2019-06-22 20:31:24 [scrapy.statscollectors] INFO: Dumping Scrapy stats:
{'downloader/request_bytes': 1135,
 'downloader/request_count': 5,
 'downloader/request_method_count/GET': 5,
 'downloader/response_bytes': 3154,
 'downloader/response_count': 5,
 'downloader/response_status_count/200': 2,
 'downloader/response_status_count/301': 2,
 'downloader/response_status_count/403': 1,
 'finish_reason': 'finished',
 'finish_time': datetime.datetime(2019, 6, 22, 12, 31, 24, 290072),
 'httperror/response_ignored_count': 1,
 'httperror/response_ignored_status_count/403': 1,
 'log_count/DEBUG': 5,
 'log_count/INFO': 10,
 'response_received_count': 3,
 'robotstxt/request_count': 2,
 'robotstxt/response_count': 2,
 'robotstxt/response_status_count/200': 2,
 'scheduler/dequeued': 2,
 'scheduler/dequeued/memory': 2,
 'scheduler/enqueued': 2,
 'scheduler/enqueued/memory': 2,
 'start_time': datetime.datetime(2019, 6, 22, 12, 31, 23, 581888)}
2019-06-22 20:31:24 [scrapy.core.engine] INFO: Spider closed (finished)
